{
  "RSpec": {
    "coverage": {
      "/Users/michaelwagner/dev/networker_app/app/helpers/application_helper.rb": [
        1,
        null,
        null,
        null
      ],
      "/Users/michaelwagner/dev/networker_app/app/helpers/finduser_helper.rb": [
        1,
        null,
        1,
        10,
        null,
        null,
        null
      ],
      "/Users/michaelwagner/dev/networker_app/app/helpers/meetupsearch_helper.rb": [
        1,
        null,
        1,
        0,
        0,
        0,
        null,
        0,
        0,
        null,
        0,
        null,
        null,
        null,
        0,
        0,
        null,
        null,
        null
      ],
      "/Users/michaelwagner/dev/networker_app/app/models/user.rb": [
        1,
        1,
        1,
        1,
        1,
        null,
        1,
        null,
        null,
        null
      ],
      "/Users/michaelwagner/dev/networker_app/app/controllers/sessions_controller.rb": [
        1,
        null,
        1,
        null,
        null,
        1,
        4,
        4,
        4,
        4,
        4,
        null,
        0,
        0,
        null,
        null,
        null,
        1,
        0,
        0,
        0,
        null,
        0,
        0,
        null,
        0,
        null,
        null,
        1,
        null,
        null,
        1,
        0,
        0,
        0,
        0,
        null,
        null
      ],
      "/Users/michaelwagner/dev/networker_app/app/controllers/application_controller.rb": [
        1,
        null,
        null,
        1,
        null,
        1,
        16,
        null,
        null,
        1,
        0,
        null,
        null,
        1,
        null
      ],
      "/Users/michaelwagner/dev/networker_app/app/controllers/users_controller.rb": [
        1,
        1,
        null,
        1,
        null,
        1,
        0,
        0,
        null,
        null,
        1,
        0,
        0,
        0,
        0,
        null,
        0,
        null,
        null,
        null,
        1,
        2,
        1,
        1,
        null,
        1,
        null,
        null,
        null,
        1,
        null,
        null,
        1,
        0,
        0,
        null,
        null,
        1,
        0,
        0,
        null,
        null,
        1,
        8,
        8,
        8,
        8,
        8,
        8,
        7,
        null,
        1,
        null,
        null,
        null,
        null,
        null,
        1,
        0,
        0,
        null,
        null,
        null,
        1,
        0,
        0,
        null,
        null,
        null,
        1,
        1,
        0,
        null,
        null,
        null,
        null
      ],
      "/Users/michaelwagner/dev/networker_app/app/models/task.rb": [
        1,
        1,
        null
      ],
      "/Users/michaelwagner/dev/networker_app/app/models/connection.rb": [
        1,
        1,
        1,
        null
      ]
    },
    "timestamp": 1393597606
  }
}
